<?xml version="1.0" encoding="UTF-8"?>
<!-- Generated by org.testng.reporters.JUnitXMLReporter -->
<testsuite ignored="0" hostname="EBRK" failures="0" tests="5" name="Default test" time="18.012" errors="0" timestamp="2025-08-29T22:29:09 EDT">
  <testcase classname="testclasses.LoginTest" name="loginValidations" time="1.441"/>
  <testcase classname="testclasses.LoginTest" name="loginValidations" time="0.908"/>
  <testcase classname="testclasses.LoginTest" name="loginValidations" time="1.458"/>
  <testcase classname="testclasses.LoginTest" name="loginValidations" time="1.088"/>
  <testcase classname="testclasses.LoginTest" name="loginValidations" time="1.143"/>
</testsuite> <!-- Default test -->
