<?xml version="1.0" encoding="UTF-8"?>
<testng-results ignored="0" total="1" passed="1" failed="0" skipped="0">
  <reporter-output>
  </reporter-output>
  <suite started-at="2025-08-27T11:19:46 EDT" name="Default suite" finished-at="2025-08-27T11:19:56 EDT" duration-ms="10036">
    <groups>
    </groups>
    <test started-at="2025-08-27T11:19:46 EDT" name="Default test" finished-at="2025-08-27T11:19:56 EDT" duration-ms="10036">
      <class name="testclasses.LoginTest">
        <test-method is-config="true" signature="setup()[pri:0, instance:testclasses.LoginTest@6f03482]" started-at="2025-08-27T11:19:46 EDT" name="setup" finished-at="2025-08-27T11:19:50 EDT" duration-ms="3816" status="PASS">
          <reporter-output>
          </reporter-output>
        </test-method> <!-- setup -->
        <test-method is-config="true" signature="launchAppln()[pri:0, instance:testclasses.LoginTest@6f03482]" started-at="2025-08-27T11:19:50 EDT" name="launchAppln" finished-at="2025-08-27T11:19:50 EDT" duration-ms="342" status="PASS">
          <reporter-output>
          </reporter-output>
        </test-method> <!-- launchAppln -->
        <test-method signature="loginValidations()[pri:0, instance:testclasses.LoginTest@6f03482]" started-at="2025-08-27T11:19:50 EDT" name="loginValidations" finished-at="2025-08-27T11:19:56 EDT" duration-ms="5624" status="PASS">
          <reporter-output>
          </reporter-output>
        </test-method> <!-- loginValidations -->
        <test-method is-config="true" signature="tearDown()[pri:0, instance:testclasses.LoginTest@6f03482]" started-at="2025-08-27T11:19:56 EDT" name="tearDown" finished-at="2025-08-27T11:19:56 EDT" duration-ms="215" status="PASS">
          <reporter-output>
          </reporter-output>
        </test-method> <!-- tearDown -->
      </class> <!-- testclasses.LoginTest -->
    </test> <!-- Default test -->
  </suite> <!-- Default suite -->
</testng-results>
