<?xml version="1.0" encoding="UTF-8"?>
<testng-results ignored="0" total="5" passed="5" failed="0" skipped="0">
  <reporter-output>
  </reporter-output>
  <suite started-at="2025-08-29T22:28:51 EDT" name="Default suite" finished-at="2025-08-29T22:29:09 EDT" duration-ms="18012">
    <groups>
    </groups>
    <test started-at="2025-08-29T22:28:51 EDT" name="Default test" finished-at="2025-08-29T22:29:09 EDT" duration-ms="18012">
      <class name="testclasses.LoginTest">
        <test-method is-config="true" signature="setup()[pri:0, instance:testclasses.LoginTest@185a6e9]" started-at="2025-08-29T22:28:51 EDT" name="setup" finished-at="2025-08-29T22:28:51 EDT" duration-ms="21" status="PASS">
          <reporter-output>
          </reporter-output>
        </test-method> <!-- setup -->
        <test-method is-config="true" signature="launchAppln()[pri:0, instance:testclasses.LoginTest@185a6e9]" started-at="2025-08-29T22:28:52 EDT" name="launchAppln" finished-at="2025-08-29T22:28:55 EDT" duration-ms="3248" status="PASS">
          <reporter-output>
          </reporter-output>
        </test-method> <!-- launchAppln -->
        <test-method signature="loginValidations(java.lang.String,java.lang.String,java.lang.String,java.lang.String)[pri:0, instance:testclasses.LoginTest@185a6e9]" started-at="2025-08-29T22:28:55 EDT" name="loginValidations" data-provider="loginTestData" finished-at="2025-08-29T22:28:57 EDT" duration-ms="1441" status="PASS">
          <params>
            <param index="0">
              <value>
                <![CDATA[ValidCredential]]>
              </value>
            </param>
            <param index="1">
              <value>
                <![CDATA[asxcvb]]>
              </value>
            </param>
            <param index="2">
              <value>
                <![CDATA[greenHorn@2024]]>
              </value>
            </param>
            <param index="3">
              <value>
                <![CDATA[You are logged in]]>
              </value>
            </param>
          </params>
          <reporter-output>
          </reporter-output>
        </test-method> <!-- loginValidations -->
        <test-method is-config="true" signature="tearDown()[pri:0, instance:testclasses.LoginTest@185a6e9]" started-at="2025-08-29T22:28:57 EDT" name="tearDown" finished-at="2025-08-29T22:28:57 EDT" duration-ms="184" status="PASS">
          <reporter-output>
          </reporter-output>
        </test-method> <!-- tearDown -->
        <test-method is-config="true" signature="launchAppln()[pri:0, instance:testclasses.LoginTest@185a6e9]" started-at="2025-08-29T22:28:57 EDT" name="launchAppln" finished-at="2025-08-29T22:28:58 EDT" duration-ms="1498" status="PASS">
          <reporter-output>
          </reporter-output>
        </test-method> <!-- launchAppln -->
        <test-method signature="loginValidations(java.lang.String,java.lang.String,java.lang.String,java.lang.String)[pri:0, instance:testclasses.LoginTest@185a6e9]" started-at="2025-08-29T22:28:58 EDT" name="loginValidations" data-provider="loginTestData" finished-at="2025-08-29T22:28:59 EDT" duration-ms="908" status="PASS">
          <params>
            <param index="0">
              <value>
                <![CDATA[WrongUserName]]>
              </value>
            </param>
            <param index="1">
              <value>
                <![CDATA[dese14]]>
              </value>
            </param>
            <param index="2">
              <value>
                <![CDATA[greenHorn@2024]]>
              </value>
            </param>
            <param index="3">
              <value>
                <![CDATA[Invalid Username and Password]]>
              </value>
            </param>
          </params>
          <reporter-output>
          </reporter-output>
        </test-method> <!-- loginValidations -->
        <test-method is-config="true" signature="tearDown()[pri:0, instance:testclasses.LoginTest@185a6e9]" started-at="2025-08-29T22:28:59 EDT" name="tearDown" finished-at="2025-08-29T22:28:59 EDT" duration-ms="201" status="PASS">
          <reporter-output>
          </reporter-output>
        </test-method> <!-- tearDown -->
        <test-method is-config="true" signature="launchAppln()[pri:0, instance:testclasses.LoginTest@185a6e9]" started-at="2025-08-29T22:28:59 EDT" name="launchAppln" finished-at="2025-08-29T22:29:01 EDT" duration-ms="1555" status="PASS">
          <reporter-output>
          </reporter-output>
        </test-method> <!-- launchAppln -->
        <test-method signature="loginValidations(java.lang.String,java.lang.String,java.lang.String,java.lang.String)[pri:0, instance:testclasses.LoginTest@185a6e9]" started-at="2025-08-29T22:29:01 EDT" name="loginValidations" data-provider="loginTestData" finished-at="2025-08-29T22:29:02 EDT" duration-ms="1458" status="PASS">
          <params>
            <param index="0">
              <value>
                <![CDATA[WrongPwd]]>
              </value>
            </param>
            <param index="1">
              <value>
                <![CDATA[asxcvb]]>
              </value>
            </param>
            <param index="2">
              <value>
                <![CDATA[numpyninja]]>
              </value>
            </param>
            <param index="3">
              <value>
                <![CDATA[Invalid Username and Password]]>
              </value>
            </param>
          </params>
          <reporter-output>
          </reporter-output>
        </test-method> <!-- loginValidations -->
        <test-method is-config="true" signature="tearDown()[pri:0, instance:testclasses.LoginTest@185a6e9]" started-at="2025-08-29T22:29:02 EDT" name="tearDown" finished-at="2025-08-29T22:29:03 EDT" duration-ms="191" status="PASS">
          <reporter-output>
          </reporter-output>
        </test-method> <!-- tearDown -->
        <test-method is-config="true" signature="launchAppln()[pri:0, instance:testclasses.LoginTest@185a6e9]" started-at="2025-08-29T22:29:03 EDT" name="launchAppln" finished-at="2025-08-29T22:29:04 EDT" duration-ms="1831" status="PASS">
          <reporter-output>
          </reporter-output>
        </test-method> <!-- launchAppln -->
        <test-method signature="loginValidations(java.lang.String,java.lang.String,java.lang.String,java.lang.String)[pri:0, instance:testclasses.LoginTest@185a6e9]" started-at="2025-08-29T22:29:04 EDT" name="loginValidations" data-provider="loginTestData" finished-at="2025-08-29T22:29:06 EDT" duration-ms="1088" status="PASS">
          <params>
            <param index="0">
              <value>
                <![CDATA[EmptyPwd]]>
              </value>
            </param>
            <param index="1">
              <value>
                <![CDATA[asxcvb]]>
              </value>
            </param>
            <param index="2">
              <value>
                <![CDATA[]]>
              </value>
            </param>
            <param index="3">
              <value>
                <![CDATA[Please fill out this field]]>
              </value>
            </param>
          </params>
          <reporter-output>
          </reporter-output>
        </test-method> <!-- loginValidations -->
        <test-method is-config="true" signature="tearDown()[pri:0, instance:testclasses.LoginTest@185a6e9]" started-at="2025-08-29T22:29:06 EDT" name="tearDown" finished-at="2025-08-29T22:29:06 EDT" duration-ms="199" status="PASS">
          <reporter-output>
          </reporter-output>
        </test-method> <!-- tearDown -->
        <test-method is-config="true" signature="launchAppln()[pri:0, instance:testclasses.LoginTest@185a6e9]" started-at="2025-08-29T22:29:06 EDT" name="launchAppln" finished-at="2025-08-29T22:29:07 EDT" duration-ms="1640" status="PASS">
          <reporter-output>
          </reporter-output>
        </test-method> <!-- launchAppln -->
        <test-method signature="loginValidations(java.lang.String,java.lang.String,java.lang.String,java.lang.String)[pri:0, instance:testclasses.LoginTest@185a6e9]" started-at="2025-08-29T22:29:07 EDT" name="loginValidations" data-provider="loginTestData" finished-at="2025-08-29T22:29:09 EDT" duration-ms="1143" status="PASS">
          <params>
            <param index="0">
              <value>
                <![CDATA[EmptyUserName]]>
              </value>
            </param>
            <param index="1">
              <value>
                <![CDATA[]]>
              </value>
            </param>
            <param index="2">
              <value>
                <![CDATA[greenHorn@2024]]>
              </value>
            </param>
            <param index="3">
              <value>
                <![CDATA[Please fill out this field]]>
              </value>
            </param>
          </params>
          <reporter-output>
          </reporter-output>
        </test-method> <!-- loginValidations -->
        <test-method is-config="true" signature="tearDown()[pri:0, instance:testclasses.LoginTest@185a6e9]" started-at="2025-08-29T22:29:09 EDT" name="tearDown" finished-at="2025-08-29T22:29:09 EDT" duration-ms="185" status="PASS">
          <reporter-output>
          </reporter-output>
        </test-method> <!-- tearDown -->
      </class> <!-- testclasses.LoginTest -->
    </test> <!-- Default test -->
  </suite> <!-- Default suite -->
</testng-results>
